TN:
SF:src/components/Form/Button/index.tsx
FN:10,Button
FNF:1
FNH:1
FNDA:3,Button
DA:11,3
LF:1
LH:1
BRF:0
BRH:0
end_of_record
TN:
SF:src/components/Form/CategorySelectButton/index.tsx
FN:10,CategorySelectButton
FNF:1
FNH:1
FNDA:2,CategorySelectButton
DA:15,2
LF:1
LH:1
BRF:0
BRH:0
end_of_record
TN:
SF:src/components/Form/Input/index.tsx
FN:9,Input
FNF:1
FNH:1
FNDA:5,Input
DA:10,5
LF:1
LH:1
BRDA:9,0,0,4
BRF:1
BRH:1
end_of_record
TN:
SF:src/components/Form/InputForm/index.tsx
FN:13,InputForm
FN:23,(anonymous_1)
FNF:2
FNH:2
FNDA:4,InputForm
FNDA:4,(anonymous_1)
DA:19,4
DA:24,4
LF:2
LH:2
BRDA:28,0,0,4
BRDA:28,0,1,0
BRF:2
BRH:1
end_of_record
TN:
SF:src/components/Form/TransactionTypeButton/index.tsx
FN:16,TransactionTypeButton
FNF:1
FNH:1
FNDA:4,TransactionTypeButton
DA:11,1
DA:22,4
LF:2
LH:2
BRF:0
BRH:0
end_of_record
TN:
SF:src/components/HighlightCard/index.tsx
FN:25,HighlightCard
FNF:1
FNH:0
FNDA:0,HighlightCard
DA:19,0
DA:31,0
LF:2
LH:0
BRF:0
BRH:0
end_of_record
TN:
SF:src/components/HistoryCard/index.tsx
FN:10,HistoryCard
FNF:1
FNH:0
FNDA:0,HistoryCard
DA:11,0
LF:1
LH:0
BRF:0
BRH:0
end_of_record
TN:
SF:src/components/SignInSocialButton/index.tsx
FN:11,SignInSocialButton
FNF:1
FNH:0
FNDA:0,SignInSocialButton
DA:16,0
LF:1
LH:0
BRF:0
BRH:0
end_of_record
TN:
SF:src/components/TransactionCard/index.tsx
FN:26,TransactionCard
FN:27,(anonymous_1)
FNF:2
FNH:0
FNDA:0,TransactionCard
FNDA:0,(anonymous_1)
DA:27,0
DA:29,0
LF:2
LH:0
BRDA:34,0,0,0
BRDA:34,0,1,0
BRF:2
BRH:0
end_of_record
TN:
SF:src/hooks/auth.tsx
FN:36,AuthProvider
FN:42,(anonymous_1)
FN:43,loadStorageData
FN:53,(anonymous_3)
FN:63,(anonymous_4)
FN:70,signInWithGoogle
FN:74,getGoogleUser
FN:99,signInWithApple
FN:124,signOut
FN:143,useAuth
FNF:10
FNH:8
FNDA:7,AuthProvider
FNDA:3,(anonymous_1)
FNDA:3,loadStorageData
FNDA:3,(anonymous_3)
FNDA:3,(anonymous_4)
FNDA:3,signInWithGoogle
FNDA:2,getGoogleUser
FNDA:0,signInWithApple
FNDA:0,signOut
FNDA:9,useAuth
DA:6,2
DA:7,2
DA:8,2
DA:9,2
DA:11,2
DA:28,2
DA:37,7
DA:38,7
DA:40,7
DA:42,7
DA:44,3
DA:46,3
DA:47,0
DA:48,0
DA:51,3
DA:53,3
DA:56,7
DA:63,7
DA:64,3
DA:65,2
DA:66,2
DA:71,3
DA:75,2
DA:76,2
DA:83,1
DA:85,1
DA:92,1
DA:93,1
DA:95,1
DA:100,0
DA:101,0
DA:108,0
DA:109,0
DA:110,0
DA:117,0
DA:118,0
DA:120,0
DA:125,0
DA:126,0
DA:129,7
DA:144,9
DA:146,9
LF:42
LH:30
BRDA:46,0,0,0
BRDA:46,0,1,3
BRDA:64,1,0,2
BRDA:64,1,1,1
BRF:4
BRH:3
end_of_record
TN:
SF:src/routes/app.routes.tsx
FN:12,AppRoutes
FN:31,(anonymous_1)
FN:44,(anonymous_2)
FN:53,(anonymous_3)
FNF:4
FNH:0
FNDA:0,AppRoutes
FNDA:0,(anonymous_1)
FNDA:0,(anonymous_2)
FNDA:0,(anonymous_3)
DA:10,0
DA:13,0
DA:15,0
DA:32,0
DA:45,0
DA:54,0
LF:6
LH:0
BRDA:24,0,0,0
BRDA:24,0,1,0
BRF:2
BRH:0
end_of_record
TN:
SF:src/routes/auth.routes.tsx
FN:7,AuthRoutes
FNF:1
FNH:0
FNDA:0,AuthRoutes
DA:5,0
DA:8,0
LF:2
LH:0
BRF:0
BRH:0
end_of_record
TN:
SF:src/routes/index.tsx
FN:7,Routes
FNF:1
FNH:0
FNDA:0,Routes
DA:8,0
DA:10,0
LF:2
LH:0
BRDA:12,0,0,0
BRDA:12,0,1,0
BRF:2
BRH:0
end_of_record
TN:
SF:src/screens/CategorySelect/index.tsx
FN:27,CategorySelect
FN:32,handleCategorySelect
FN:45,(anonymous_2)
FN:46,(anonymous_3)
FN:48,(anonymous_4)
FN:54,(anonymous_5)
FNF:6
FNH:4
FNDA:1,CategorySelect
FNDA:0,handleCategorySelect
FNDA:6,(anonymous_2)
FNDA:6,(anonymous_3)
FNDA:0,(anonymous_4)
FNDA:5,(anonymous_5)
DA:33,0
DA:36,1
DA:45,6
DA:47,6
DA:48,0
DA:54,5
LF:6
LH:4
BRF:0
BRH:0
end_of_record
TN:
SF:src/screens/Dashboard/index.tsx
FN:45,Dashboard
FN:55,getLastTransactionDate
FN:60,(anonymous_2)
FN:70,(anonymous_3)
FN:84,loadTransactions
FN:94,(anonymous_5)
FN:172,(anonymous_6)
FN:173,(anonymous_7)
FN:228,(anonymous_8)
FN:229,(anonymous_9)
FNF:10
FNH:0
FNDA:0,Dashboard
FNDA:0,getLastTransactionDate
FNDA:0,(anonymous_2)
FNDA:0,(anonymous_3)
FNDA:0,loadTransactions
FNDA:0,(anonymous_5)
FNDA:0,(anonymous_6)
FNDA:0,(anonymous_7)
FNDA:0,(anonymous_8)
FNDA:0,(anonymous_9)
DA:46,0
DA:47,0
DA:49,0
DA:50,0
DA:51,0
DA:59,0
DA:60,0
DA:63,0
DA:64,0
DA:67,0
DA:71,0
DA:76,0
DA:85,0
DA:86,0
DA:88,0
DA:90,0
DA:91,0
DA:93,0
DA:95,0
DA:96,0
DA:98,0
DA:101,0
DA:105,0
DA:111,0
DA:122,0
DA:124,0
DA:129,0
DA:134,0
DA:136,0
DA:137,0
DA:167,0
DA:171,0
DA:173,0
DA:177,0
DA:228,0
DA:229,0
LF:36
LH:0
BRDA:63,0,0,0
BRDA:63,0,1,0
BRDA:88,1,0,0
BRDA:88,1,1,0
BRDA:95,2,0,0
BRDA:95,2,1,0
BRDA:144,3,0,0
BRDA:144,3,1,0
BRDA:154,4,0,0
BRDA:154,4,1,0
BRDA:164,5,0,0
BRDA:164,5,1,0
BRDA:179,6,0,0
BRDA:179,6,1,0
BRF:14
BRH:0
end_of_record
TN:
SF:src/screens/Profile/index.tsx
FN:4,Profile
FN:21,(anonymous_1)
FNF:2
FNH:1
FNDA:3,Profile
FNDA:0,(anonymous_1)
DA:5,3
LF:1
LH:1
BRF:0
BRH:0
end_of_record
TN:
SF:src/screens/Register/index.tsx
FN:42,Register
FN:57,handleTransactionTypeSelect
FN:61,handleOpenSelectCategory
FN:65,handleCloseSelectCategory
FN:78,(anonymous_4)
FN:143,(anonymous_5)
FN:149,(anonymous_6)
FNF:7
FNH:2
FNDA:2,Register
FNDA:0,handleTransactionTypeSelect
FNDA:1,handleOpenSelectCategory
FNDA:0,handleCloseSelectCategory
FNDA:0,(anonymous_4)
FNDA:0,(anonymous_5)
FNDA:0,(anonymous_6)
DA:33,1
DA:43,2
DA:45,2
DA:47,2
DA:51,2
DA:55,2
DA:58,0
DA:62,1
DA:66,0
DA:74,2
DA:78,2
DA:79,0
DA:80,0
DA:82,0
DA:83,0
DA:86,0
DA:95,0
DA:96,0
DA:98,0
DA:99,0
DA:101,0
DA:103,0
DA:105,0
DA:106,0
DA:107,0
DA:109,0
DA:111,0
DA:112,0
DA:116,2
DA:143,0
DA:149,0
LF:31
LH:10
BRDA:79,0,0,0
BRDA:79,0,1,0
BRDA:82,1,0,0
BRDA:82,1,1,0
BRDA:99,2,0,0
BRDA:99,2,1,0
BRF:6
BRH:0
end_of_record
TN:
SF:src/screens/Resume/index.tsx
FN:44,Resume
FN:55,handleDateChange
FN:65,loadData
FN:72,(anonymous_3)
FN:79,(anonymous_4)
FN:86,(anonymous_5)
FN:89,(anonymous_6)
FN:127,(anonymous_7)
FN:128,(anonymous_8)
FN:149,(anonymous_9)
FN:157,(anonymous_10)
FN:175,(anonymous_11)
FN:178,(anonymous_12)
FNF:13
FNH:0
FNDA:0,Resume
FNDA:0,handleDateChange
FNDA:0,loadData
FNDA:0,(anonymous_3)
FNDA:0,(anonymous_4)
FNDA:0,(anonymous_5)
FNDA:0,(anonymous_6)
FNDA:0,(anonymous_7)
FNDA:0,(anonymous_8)
FNDA:0,(anonymous_9)
FNDA:0,(anonymous_10)
FNDA:0,(anonymous_11)
FNDA:0,(anonymous_12)
DA:45,0
DA:47,0
DA:48,0
DA:49,0
DA:50,0
DA:51,0
DA:56,0
DA:58,0
DA:59,0
DA:61,0
DA:66,0
DA:68,0
DA:69,0
DA:71,0
DA:73,0
DA:78,0
DA:80,0
DA:85,0
DA:87,0
DA:89,0
DA:90,0
DA:91,0
DA:95,0
DA:96,0
DA:102,0
DA:104,0
DA:117,0
DA:122,0
DA:123,0
DA:126,0
DA:128,0
DA:132,0
DA:149,0
DA:157,0
DA:175,0
DA:179,0
LF:36
LH:0
BRDA:58,0,0,0
BRDA:58,0,1,0
BRDA:69,1,0,0
BRDA:69,1,1,0
BRDA:73,2,0,0
BRDA:73,2,1,0
BRDA:73,2,2,0
BRDA:90,3,0,0
BRDA:90,3,1,0
BRDA:95,4,0,0
BRDA:95,4,1,0
BRDA:137,5,0,0
BRDA:137,5,1,0
BRF:13
BRH:0
end_of_record
TN:
SF:src/screens/SignIn/index.tsx
FN:20,SignIn
FN:25,handleSignInWithGoogle
FN:36,handleSignInWithApple
FNF:3
FNH:0
FNDA:0,SignIn
FNDA:0,handleSignInWithGoogle
FNDA:0,handleSignInWithApple
DA:21,0
DA:22,0
DA:23,0
DA:26,0
DA:27,0
DA:28,0
DA:30,0
DA:31,0
DA:32,0
DA:37,0
DA:38,0
DA:39,0
DA:41,0
DA:42,0
DA:43,0
DA:47,0
LF:16
LH:0
BRDA:70,0,0,0
BRDA:70,0,1,0
BRDA:77,1,0,0
BRDA:77,1,1,0
BRF:4
BRH:0
end_of_record
